<?xml version="1.0" encoding="UTF-8"?>
<testsuite xmlns:xsi="http://www.w3.org/2001/XMLSchema-instance" xsi:noNamespaceSchemaLocation="https://maven.apache.org/surefire/maven-surefire-plugin/xsd/surefire-test-report-3.0.xsd" version="3.0" name="TestSuite" time="0.551" tests="3" errors="0" skipped="0" failures="0">
  <properties>
[...]
</properties>
  <testcase name="radiotest" classname="tests.RadioButtons" time="0.013"/>
  <testcase name="vtest" classname="tests.RadioButtons" time="0.001"/>
  <testcase name="add" classname="SeleniumTests.Test1" time="0.004"/>
</testsuite>