<?xml version="1.0" encoding="UTF-8"?>
<testng-results skipped="0" failed="0" ignored="0" total="3" passed="3">
  <reporter-output>
  </reporter-output>
  <suite name="Suite" duration-ms="41" started-at="2021-05-02T14:39:33Z" finished-at="2021-05-02T14:39:33Z">
    <groups>
      <group name="Smoke">
        <method signature="RadioButtons.vtest()[pri:0, instance:tests.RadioButtons@5622fdf]" name="vtest" class="tests.RadioButtons"/>
        <method signature="Test1.add()[pri:0, instance:SeleniumTests.Test1@4883b407]" name="add" class="SeleniumTests.Test1"/>
      </group> <!-- Smoke -->
    </groups>
    <test name="Test" duration-ms="41" started-at="2021-05-02T14:39:33Z" finished-at="2021-05-02T14:39:33Z">
      <class name="SeleniumTests.Test1">
        <test-method status="PASS" signature="add()[pri:0, instance:SeleniumTests.Test1@4883b407]" name="add" duration-ms="8" started-at="2021-05-02T14:39:33Z" finished-at="2021-05-02T14:39:33Z">
          <reporter-output>
          </reporter-output>
        </test-method> <!-- add -->
      </class> <!-- SeleniumTests.Test1 -->
      <class name="tests.RadioButtons">
        <test-method status="PASS" signature="radiotest()[pri:0, instance:tests.RadioButtons@5622fdf]" name="radiotest" duration-ms="9" started-at="2021-05-02T14:39:33Z" finished-at="2021-05-02T14:39:33Z">
          <reporter-output>
          </reporter-output>
        </test-method> <!-- radiotest -->
        <test-method status="PASS" signature="vtest()[pri:0, instance:tests.RadioButtons@5622fdf]" name="vtest" duration-ms="8" started-at="2021-05-02T14:39:33Z" finished-at="2021-05-02T14:39:33Z">
          <reporter-output>
          </reporter-output>
        </test-method> <!-- vtest -->
      </class> <!-- tests.RadioButtons -->
    </test> <!-- Test -->
  </suite> <!-- Suite -->
</testng-results>
